\BOOKMARK [1][-]{section*.1}{DESIGNING A PERFORMANT FMM}{}% 1
\BOOKMARK [1][-]{section*.2}{AN OVERVIEW OF NUMBA AND CUPY}{}% 2
\BOOKMARK [1][-]{section*.3}{SECTIONS}{}% 3
\BOOKMARK [1][-]{section*.4}{JOURNAL STYLE}{}% 4
\BOOKMARK [2][-]{section*.5}{Acronyms and abbreviations}{section*.4}% 5
\BOOKMARK [2][-]{section*.6}{Numbers}{section*.4}% 6
\BOOKMARK [1][-]{section*.7}{MATH AND EQUATIONS}{}% 7
\BOOKMARK [1][-]{section*.8}{LISTS}{}% 8
\BOOKMARK [1][-]{section*.9}{GRAPHICAL ABSTRACTS}{}% 9
\BOOKMARK [1][-]{section*.10}{FIGURES AND TABLES}{}% 10
\BOOKMARK [2][-]{section*.11}{In-text callouts for figures and tables}{section*.10}% 11
\BOOKMARK [1][-]{section*.12}{END SECTIONS}{}% 12
\BOOKMARK [2][-]{section*.13}{Appendices}{section*.12}% 13
\BOOKMARK [2][-]{section*.14}{Acknowledgment}{section*.12}% 14
\BOOKMARK [2][-]{section*.15}{References}{section*.12}% 15
\BOOKMARK [1][-]{section*.16}{CONCLUSION}{}% 16
\BOOKMARK [1][-]{section*.17}{ACKNOWLEDGMENT}{}% 17
\BOOKMARK [1][-]{section*.18}{REFERENCES}{}% 18
\BOOKMARK [1][-]{IEEEbiography.0}{Biographies}{}% 19
\BOOKMARK [2][-]{IEEEbiography.1}{Srinath Kailasa}{IEEEbiography.0}% 20
\BOOKMARK [2][-]{IEEEbiography.2}{Timo Betcke}{IEEEbiography.0}% 21
\BOOKMARK [2][-]{IEEEbiography.3}{Tingyu Wang}{IEEEbiography.0}% 22
\BOOKMARK [2][-]{IEEEbiography.4}{Lorena. A. Barba}{IEEEbiography.0}% 23
