\BOOKMARK [1][-]{section*.1}{COPYRIGHT AND CLEARANCE}{}% 1
\BOOKMARK [1][-]{section*.2}{SECTIONS}{}% 2
\BOOKMARK [1][-]{section*.3}{JOURNAL STYLE}{}% 3
\BOOKMARK [2][-]{section*.4}{Acronyms and abbreviations}{section*.3}% 4
\BOOKMARK [2][-]{section*.5}{Numbers}{section*.3}% 5
\BOOKMARK [1][-]{section*.6}{MATH AND EQUATIONS}{}% 6
\BOOKMARK [1][-]{section*.7}{LISTS}{}% 7
\BOOKMARK [1][-]{section*.8}{GRAPHICAL ABSTRACTS}{}% 8
\BOOKMARK [1][-]{section*.9}{FIGURES AND TABLES}{}% 9
\BOOKMARK [2][-]{section*.10}{In-text callouts for figures and tables}{section*.9}% 10
\BOOKMARK [1][-]{section*.11}{END SECTIONS}{}% 11
\BOOKMARK [2][-]{section*.12}{Appendices}{section*.11}% 12
\BOOKMARK [2][-]{section*.13}{Acknowledgment}{section*.11}% 13
\BOOKMARK [2][-]{section*.14}{References}{section*.11}% 14
\BOOKMARK [1][-]{section*.15}{CONCLUSION}{}% 15
\BOOKMARK [1][-]{section*.16}{ACKNOWLEDGMENT}{}% 16
\BOOKMARK [1][-]{section*.17}{REFERENCES}{}% 17
\BOOKMARK [1][-]{IEEEbiography.0}{Biographies}{}% 18
\BOOKMARK [2][-]{IEEEbiography.1}{Srinath Kailasa}{IEEEbiography.0}% 19
\BOOKMARK [2][-]{IEEEbiography.2}{Timo Betcke}{IEEEbiography.0}% 20
\BOOKMARK [2][-]{IEEEbiography.3}{Tingyu Wang}{IEEEbiography.0}% 21
\BOOKMARK [2][-]{IEEEbiography.4}{Lorena. A. Barba}{IEEEbiography.0}% 22
